 
****************************************
Report : area
Design : top
Version: S-2021.06-SP2
Date   : Tue Nov 19 19:05:51 2024
****************************************

Library(s) Used:

    PPDK_Standard_Library_0.6V_25C_TYP_X1 (File: /usr/local/eda/synLibs/egfet/db/EGFET_0.6V.db)

Number of ports:                           36
Number of nets:                           121
Number of cells:                          101
Number of combinational cells:            101
Number of sequential cells:                 0
Number of macros/black boxes:               0
Number of buf/inv:                         23
Number of references:                       5

Combinational area:           29686360.000000
Buf/Inv area:                  5253660.000000
Noncombinational area:               0.000000
Macro/Black Box area:                0.000000
Net Interconnect area:      undefined  (No wire load specified)

Total cell area:              29686360.000000
Total area:                 undefined
1
